/software/Synopsys-2019_x86-64/syn/O-2018.06-SP5/auxx/gui/dv/dv_setup.tcl
/software/Synopsys-2019_x86-64/syn/O-2018.06-SP5/auxx/gui/syn/snpsSynProcs.tcl
/software/Synopsys-2019_x86-64/syn/O-2018.06-SP5/auxx/gui/syn/layout/pkgIndex.tcl
/software/Synopsys-2019_x86-64/syn/O-2018.06-SP5/auxx/gui/common/layout/pkgIndex.tcl
/software/Synopsys-2019_x86-64/syn/O-2018.06-SP5/auxx/gui/common/acg/pkgIndex.tcl
/software/Synopsys-2019_x86-64/syn/O-2018.06-SP5/auxx/gui/common/tiledview/pkgIndex.tcl
/software/Synopsys-2019_x86-64/syn/O-2018.06-SP5/auxx/gui/common/highlight/pkgIndex.tcl
/software/Synopsys-2019_x86-64/syn/O-2018.06-SP5/auxx/gui/common/setup/pkgIndex.tcl
/software/Synopsys-2019_x86-64/syn/O-2018.06-SP5/auxx/gui/common/regressionToolkit/pkgIndex.tcl
/software/Synopsys-2019_x86-64/syn/O-2018.06-SP5/auxx/gui/common/view/pkgIndex.tcl
/software/Synopsys-2019_x86-64/syn/O-2018.06-SP5/auxx/gui/common/libviewer/pkgIndex.tcl
/software/Synopsys-2019_x86-64/syn/O-2018.06-SP5/auxx/gui/common/schematic/pkgIndex.tcl
/software/Synopsys-2019_x86-64/syn/O-2018.06-SP5/auxx/gui/common/qtcl/pkgIndex.tcl
/software/Synopsys-2019_x86-64/syn/O-2018.06-SP5/auxx/gui/common/WindowFrameWork/pkgIndex.tcl
/software/Synopsys-2019_x86-64/syn/O-2018.06-SP5/auxx/gui/common/mrupalette/pkgIndex.tcl
/software/Synopsys-2019_x86-64/syn/O-2018.06-SP5/auxx/gui/common/opdlg/pkgIndex.tcl
/software/Synopsys-2019_x86-64/syn/O-2018.06-SP5/auxx/gui/common/timing/pkgIndex.tcl
/software/Synopsys-2019_x86-64/syn/O-2018.06-SP5/auxx/gui/common/fanoutviewer/pkgIndex.tcl
/software/Synopsys-2019_x86-64/syn/O-2018.06-SP5/auxx/gui/common/commandform/pkgIndex.tcl
/software/Synopsys-2019_x86-64/syn/O-2018.06-SP5/auxx/gui/common/hierarchy/pkgIndex.tcl
/software/Synopsys-2019_x86-64/syn/O-2018.06-SP5/auxx/gui/common/tq/pkgIndex.tcl
/software/Synopsys-2019_x86-64/syn/O-2018.06-SP5/auxx/gui/common/table/pkgIndex.tcl
/software/Synopsys-2019_x86-64/syn/O-2018.06-SP5/auxx/gui/common/strokes/pkgIndex.tcl
/software/Synopsys-2019_x86-64/syn/O-2018.06-SP5/auxx/gui/common/docBrowser/pkgIndex.tcl
/software/Synopsys-2019_x86-64/syn/O-2018.06-SP5/auxx/gui/common/palettegroup/pkgIndex.tcl
/software/Synopsys-2019_x86-64/syn/O-2018.06-SP5/auxx/gui/common/profiler/pkgIndex.tcl
/software/Synopsys-2019_x86-64/syn/O-2018.06-SP5/auxx/gui/common/histogram/pkgIndex.tcl
/software/Synopsys-2019_x86-64/syn/O-2018.06-SP5/auxx/gui/common/menus/pkgIndex.tcl
/software/Synopsys-2019_x86-64/syn/O-2018.06-SP5/auxx/gui/common/dialogs/pkgIndex.tcl
/software/Synopsys-2019_x86-64/syn/O-2018.06-SP5/auxx/gui/common/tcl-dp/pkgIndex.tcl
/software/Synopsys-2019_x86-64/syn/O-2018.06-SP5/auxx/gui/common/misc/pkgIndex.tcl
/software/Synopsys-2019_x86-64/syn/O-2018.06-SP5/auxx/gui/common/select/pkgIndex.tcl
/software/Synopsys-2019_x86-64/syn/O-2018.06-SP5/auxx/gui/common/pathinspector/pkgIndex.tcl
/software/Synopsys-2019_x86-64/syn/O-2018.06-SP5/auxx/gui/dv/pkgIndex.tcl
/software/Synopsys-2019_x86-64/syn/O-2018.06-SP5/auxx/syn/lib/pkgIndex.tcl
/software/Synopsys-2019_x86-64/syn/O-2018.06-SP5/auxx/tcllib/lib/iwidgets4.1/pkgIndex.tcl
/software/Synopsys-2019_x86-64/syn/O-2018.06-SP5/auxx/tcllib/snps_tcl/snpsUtils/pkgIndex.tcl
/software/Synopsys-2019_x86-64/syn/O-2018.06-SP5/auxx/tcllib/snps_tcl/snpsTest/pkgIndex.tcl
/software/Synopsys-2019_x86-64/syn/O-2018.06-SP5/auxx/tcllib/snps_tcl/snpsTclPro/pkgIndex.tcl
/software/Synopsys-2019_x86-64/syn/O-2018.06-SP5/auxx/tcllib/snps_tcl/pkgIndex.tcl
/software/Synopsys-2019_x86-64/syn/O-2018.06-SP5/auxx/tcllib/lib/tcl8.6/http/pkgIndex.tcl
/software/Synopsys-2019_x86-64/syn/O-2018.06-SP5/auxx/tcllib/lib/tcl8.6/reg/pkgIndex.tcl
/software/Synopsys-2019_x86-64/syn/O-2018.06-SP5/auxx/tcllib/lib/tcl8.6/tcltest/pkgIndex.tcl
/software/Synopsys-2019_x86-64/syn/O-2018.06-SP5/auxx/tcllib/lib/tcl8.6/msgcat/pkgIndex.tcl
/software/Synopsys-2019_x86-64/syn/O-2018.06-SP5/auxx/tcllib/lib/tcl8.6/opt/pkgIndex.tcl
/software/Synopsys-2019_x86-64/syn/O-2018.06-SP5/auxx/tcllib/lib/tcl8.6/platform/pkgIndex.tcl
/software/Synopsys-2019_x86-64/syn/O-2018.06-SP5/auxx/tcllib/lib/tcl8.6/dde/pkgIndex.tcl
/software/Synopsys-2019_x86-64/syn/O-2018.06-SP5/auxx/tcllib/lib/tcl8.6/http1.0/pkgIndex.tcl
/software/Synopsys-2019_x86-64/syn/O-2018.06-SP5/auxx/gui/common/setup/snpsCommonSetup.tcl
/software/Synopsys-2019_x86-64/syn/O-2018.06-SP5/auxx/gui/common/setup/snpsCustomize.tcl
/software/Synopsys-2019_x86-64/syn/O-2018.06-SP5/auxx/gui/common/setup/snpsProcheck.tcl
/software/Synopsys-2019_x86-64/syn/O-2018.06-SP5/auxx/gui/common/qtcl/.synopsys_qtcl.tcl
/software/Synopsys-2019_x86-64/syn/O-2018.06-SP5/auxx/gui/common/highlight/highlight.tcl
/software/Synopsys-2019_x86-64/syn/O-2018.06-SP5/auxx/gui/common/misc/base.tcl
/software/Synopsys-2019_x86-64/syn/O-2018.06-SP5/auxx/gui/common/misc/timing.tcl
/software/Synopsys-2019_x86-64/syn/O-2018.06-SP5/auxx/gui/common/misc/setting.tcl
/software/Synopsys-2019_x86-64/syn/O-2018.06-SP5/auxx/gui/common/misc/preset.tcl
/software/Synopsys-2019_x86-64/syn/O-2018.06-SP5/auxx/gui/common/WindowFrameWork/windowFrameWork.tcl
/software/Synopsys-2019_x86-64/syn/O-2018.06-SP5/auxx/gui/common/WindowFrameWork/skipBusyCursorCmdList.tcl
/software/Synopsys-2019_x86-64/syn/O-2018.06-SP5/auxx/gui/common/docBrowser/docBrowser.tcl
/software/Synopsys-2019_x86-64/syn/O-2018.06-SP5/auxx/tcllib/snps_tcl/snpsUtils/snpsUtils.tcl
/software/Synopsys-2019_x86-64/syn/O-2018.06-SP5/auxx/gui/common/dialogs/ObjectChooser.tcl
/software/Synopsys-2019_x86-64/syn/O-2018.06-SP5/auxx/gui/common/misc/DialogObjectChooser.tcl
/software/Synopsys-2019_x86-64/syn/O-2018.06-SP5/auxx/gui/common/dialogs/HistBinInformation.tcl
/software/Synopsys-2019_x86-64/syn/O-2018.06-SP5/auxx/gui/common/dialogs/HistBin1Information.tcl
/software/Synopsys-2019_x86-64/syn/O-2018.06-SP5/auxx/gui/common/dialogs/BinsOnlyInformation.tcl
/software/Synopsys-2019_x86-64/syn/O-2018.06-SP5/auxx/gui/common/dialogs/FileChooser.tcl
/software/Synopsys-2019_x86-64/syn/O-2018.06-SP5/auxx/gui/common/dialogs/PathPinSimpleInfo.tcl
/software/Synopsys-2019_x86-64/syn/O-2018.06-SP5/auxx/gui/common/dialogs/PathsBasicInfo.tcl
/software/Synopsys-2019_x86-64/syn/O-2018.06-SP5/auxx/gui/common/dialogs/PathsBasicSimpleInfo.tcl
/software/Synopsys-2019_x86-64/syn/O-2018.06-SP5/auxx/gui/common/dialogs/SlctOperationInfo.tcl
/software/Synopsys-2019_x86-64/syn/O-2018.06-SP5/auxx/gui/common/dialogs/ObjectListInfo.tcl
/software/Synopsys-2019_x86-64/syn/O-2018.06-SP5/auxx/gui/common/dialogs/FanInOutInfo.tcl
/software/Synopsys-2019_x86-64/syn/O-2018.06-SP5/auxx/gui/common/dialogs/NumberOfLevelsChooser.tcl
/software/Synopsys-2019_x86-64/syn/O-2018.06-SP5/auxx/gui/common/dialogs/WindowReuseInfo.tcl
/software/Synopsys-2019_x86-64/syn/O-2018.06-SP5/auxx/gui/common/dialogs/ReportOutputOptionInfo.tcl
/software/Synopsys-2019_x86-64/syn/O-2018.06-SP5/auxx/gui/common/setup/snpsCollections.tcl
/software/Synopsys-2019_x86-64/syn/O-2018.06-SP5/auxx/gui/common/dialogs/CompileLinkDesign.tcl
/software/Synopsys-2019_x86-64/syn/O-2018.06-SP5/auxx/gui/common/histogram/DialogEndpointSlack.tcl
/software/Synopsys-2019_x86-64/syn/O-2018.06-SP5/auxx/gui/common/histogram/DialogPathsSlack.tcl
/software/Synopsys-2019_x86-64/syn/O-2018.06-SP5/auxx/gui/common/histogram/DialogNetCapacitance.tcl
/software/Synopsys-2019_x86-64/syn/O-2018.06-SP5/auxx/gui/common/schematic/DialogPathSchematicFanInOut.tcl
/software/Synopsys-2019_x86-64/syn/O-2018.06-SP5/auxx/gui/common/schematic/DialogPathSchematicAddPaths.tcl
/home/wezelis2/ece511/ECE511_Project/scripts/design_vision.tcl
/home/wezelis2/ece511/ECE511_Project/techlib/gscl45nm.db
/software/Synopsys-2019_x86-64/syn/O-2018.06-SP5/libraries/syn/gtech.db
/software/Synopsys-2019_x86-64/syn/O-2018.06-SP5/libraries/syn/standard.sldb
/home/wezelis2/ece511/ECE511_Project/rtl/ip_stride.sv
/home/wezelis2/synopsys_cache_O-2018.06-SP5/DW01/DW01_cmp6/rpl/52/gscl45nm_7710/element.ddc
/home/wezelis2/synopsys_cache_O-2018.06-SP5/DW01/DW01_cmp6/rpl/58/gscl45nm_7710/element.ddc
/home/wezelis2/synopsys_cache_O-2018.06-SP5/DW01/DW01_add/rpl/58/gscl45nm_7710/element.ddc
/home/wezelis2/synopsys_cache_O-2018.06-SP5/DW01/DW01_sub/rpl/58/gscl45nm_7710/element.ddc
/home/wezelis2/synopsys_cache_O-2018.06-SP5/DW01/DW01_cmp2/rpl/58/gscl45nm_7710/element.ddc
/home/wezelis2/synopsys_cache_O-2018.06-SP5/DW01/DW01_cmp6/rpl/64/gscl45nm_7710/element.ddc
/home/wezelis2/synopsys_cache_O-2018.06-SP5/DW01/DW01_add/rpl/58/gscl45nm_7710_8167_4704/element.ddc
/home/wezelis2/synopsys_cache_O-2018.06-SP5/DW01/DW01_add/cla/58/gscl45nm_7710_8167_4704/element.ddc
/home/wezelis2/synopsys_cache_O-2018.06-SP5/DW02/DW02_mult/csa/58/2/gscl45nm_7710_8167_4704/element.ddc
/home/wezelis2/synopsys_cache_O-2018.06-SP5/DW02/DW02_mult/csa/2/58/gscl45nm_7710_8167_4704/element.ddc
/home/wezelis2/synopsys_cache_O-2018.06-SP5/DW02/DW02_mult/csa/58/2/gscl45nm_7710/element.ddc
/home/wezelis2/synopsys_cache_O-2018.06-SP5/DW01/DW01_add/cla/58/gscl45nm_7710/element.ddc
/home/wezelis2/synopsys_cache_O-2018.06-SP5/DW01/DW01_cmp6/rpl/52/gscl45nm_7710_8167_4704/element.ddc
/home/wezelis2/synopsys_cache_O-2018.06-SP5/DW01/DW01_cmp6/rpl/52/gscl45nm_7710/element.ddc
/home/wezelis2/synopsys_cache_O-2018.06-SP5/DW01/DW01_add/rpl/58/gscl45nm_7710_8167_4704/element.ddc
/home/wezelis2/synopsys_cache_O-2018.06-SP5/DW01/DW01_add/cla/58/gscl45nm_7710_8167_4704/element.ddc
/home/wezelis2/synopsys_cache_O-2018.06-SP5/DW01/DW01_add/cla/58/gscl45nm_7710/element.ddc
/home/wezelis2/synopsys_cache_O-2018.06-SP5/DW01/DW01_sub/rpl/58/gscl45nm_7710_8167_4704/element.ddc
/home/wezelis2/synopsys_cache_O-2018.06-SP5/DW01/DW01_sub/cla/58/gscl45nm_7710_8167_4704/element.ddc
/home/wezelis2/synopsys_cache_O-2018.06-SP5/DW01/DW01_sub/cla/58/gscl45nm_7710/element.ddc
/home/wezelis2/synopsys_cache_O-2018.06-SP5/DW01/DW01_cmp6/rpl/64/gscl45nm_7710_8167_4704/element.ddc
/home/wezelis2/synopsys_cache_O-2018.06-SP5/DW01/DW01_cmp6/rpl/64/gscl45nm_7710/element.ddc
/home/wezelis2/synopsys_cache_O-2018.06-SP5/DW01/DW01_cmp6/rpl/58/gscl45nm_7710_8167_4704/element.ddc
/home/wezelis2/synopsys_cache_O-2018.06-SP5/DW01/DW01_cmp6/rpl/58/gscl45nm_7710/element.ddc
